<?xml version="1.0" encoding="UTF-8"?>
<!-- Generated by org.testng.reporters.JUnitReportReporter -->
<testsuite hostname="DESKTOP-3FUKHGD" failures="0" tests="6" name="tests.TestsTask4" time="182.260" errors="0" timestamp="2024-08-11T16:36:13 SAST" skipped="0">
  <testcase classname="tests.TestsTask4" name="testRegisterUser" time="8.133"/>
  <testcase classname="tests.TestsTask4" name="testLogInUser" time="4.734"/>
  <testcase classname="tests.TestsTask4" name="testAddToCartAndValidateTotalPrice" time="37.275"/>
  <testcase classname="tests.TestsTask4" name="testPricePullsThroughToCartCorrectly" time="100.808"/>
  <testcase classname="tests.TestsTask4" name="testRemoveItemFromCartAndValidatePrice" time="17.372"/>
  <testcase classname="tests.TestsTask4" name="testPerformCheckOut" time="13.938"/>
</testsuite> <!-- tests.TestsTask4 -->
