<?xml version="1.0" encoding="UTF-8"?>
<!-- Generated by org.testng.reporters.JUnitReportReporter -->
<testsuite hostname="DESKTOP-3FUKHGD" failures="0" tests="1" name="tests.RegisterUserTest" time="5.573" errors="0" timestamp="2024-08-09T04:42:31 SAST" skipped="0">
  <testcase classname="tests.RegisterUserTest" name="testRegisterUser" time="5.573"/>
</testsuite> <!-- tests.RegisterUserTest -->
