<?xml version="1.0" encoding="UTF-8"?>
<!-- Generated by org.testng.reporters.JUnitReportReporter -->
<testsuite hostname="DESKTOP-3FUKHGD" failures="0" tests="6" name="tests.LogInUserTest" time="184.953" errors="0" timestamp="2024-08-11T12:28:58 SAST" skipped="0">
  <testcase classname="tests.LogInUserTest" name="testRegisterUser" time="6.928"/>
  <testcase classname="tests.LogInUserTest" name="testLogInUser" time="10.345"/>
  <testcase classname="tests.LogInUserTest" name="testAddToCartAndValidateTotalPrice" time="36.080"/>
  <testcase classname="tests.LogInUserTest" name="testPricePullsThroughToCartCorrectly" time="98.563"/>
  <testcase classname="tests.LogInUserTest" name="testRemoveItemFromCartAndValidatePrice" time="17.922"/>
  <testcase classname="tests.LogInUserTest" name="testPerformCheckOut" time="15.115"/>
</testsuite> <!-- tests.LogInUserTest -->
